<?xml version="1.0" encoding="UTF-8"?>
<testsuite name="Yo como analista de calidad" tests="1" skipped="0" failures="1" errors="0" timestamp="2021-11-18T15:43:25" hostname="SISTE842" time="0.536">
  <properties/>
  <testcase name="EMPTY_NAME" classname="Yo como analista de calidad" time="0.536">
    <failure message="java.lang.NullPointerException" type="java.lang.NullPointerException">java.lang.NullPointerException
	at net.serenitybdd.rest.SerenityRest.lastResponse(SerenityRest.java:63)
	at certification.tasks.ObtenerPokemon.performAs(ObtenerPokemon.java:18)
	at certification.tasks.ObtenerPokemon$ByteBuddy$Re28HrpS.performAs$accessor$u6SpYpRy(Unknown Source)
	at sun.reflect.NativeMethodAccessorImpl.invoke0(Native Method)
	at sun.reflect.NativeMethodAccessorImpl.invoke(NativeMethodAccessorImpl.java:62)
	at sun.reflect.DelegatingMethodAccessorImpl.invoke(DelegatingMethodAccessorImpl.java:43)
	at java.lang.reflect.Method.invoke(Method.java:498)
	at net.thucydides.core.steps.StepInterceptor.invokeMethod(StepInterceptor.java:466)
	at net.thucydides.core.steps.StepInterceptor.executeTestStepMethod(StepInterceptor.java:450)
	at net.thucydides.core.steps.StepInterceptor.runTestStep(StepInterceptor.java:425)
	at net.thucydides.core.steps.StepInterceptor.runOrSkipMethod(StepInterceptor.java:180)
	at net.thucydides.core.steps.StepInterceptor.testStepResult(StepInterceptor.java:167)
	at net.thucydides.core.steps.StepInterceptor.intercept(StepInterceptor.java:74)
	at certification.tasks.ObtenerPokemon$ByteBuddy$Re28HrpS.performAs(Unknown Source)
	at net.serenitybdd.screenplay.Actor.performTask(Actor.java:233)
	at net.serenitybdd.screenplay.Actor.perform(Actor.java:214)
	at net.serenitybdd.screenplay.Actor.attemptsTo(Actor.java:171)
	at certification.stepdefinitions.PokemonGetStepDefinitions.elUsuarioTraeLaInformacionDelPokemon(PokemonGetStepDefinitions.java:24)
	at âœ½.El usuario trae la informacion del pokemon(src/test/resources/features/pokemon_get.feature:9)
</failure>
  </testcase>
  <system-out><![CDATA[paso
]]></system-out>
  <system-err><![CDATA[[Test worker] ERROR net.thucydides.core.steps.ConsoleLoggingListener - 
           __  _____ _____ ____ _____   _____ _    ___ _     _____ ____  
  _       / / |_   _| ____/ ___|_   _| |  ___/ \  |_ _| |   | ____|  _ \ 
 (_)_____| |    | | |  _| \___ \ | |   | |_ / _ \  | || |   |  _| | | | |
  _|_____| |    | | | |___ ___) || |   |  _/ ___ \ | || |___| |___| |_| |
 (_)     | |    |_| |_____|____/ |_|   |_|/_/   \_\___|_____|_____|____/ 
          \_\                                                            

TEST FAILED WITH ERROR: 
---------------------------------------------------------------------
[Test worker] ERROR net.thucydides.core.steps.ConsoleLoggingListener - TEST FAILED AT STEP User obtener pokemon
[Test worker] ERROR net.thucydides.core.steps.ConsoleLoggingListener - 
]]></system-err>
</testsuite>
